<?xml version="1.0" encoding="UTF-8"?>
<!-- Generated by org.testng.reporters.JUnitXMLReporter -->
<testsuite ignored="0" hostname="DESKTOP-NJMF2GL" failures="0" tests="7" name="CrossBrowser" time="121.879" errors="0" timestamp="02 Sep 2022 11:38:22 GMT">
  <testcase classname="Com.SacuceDemoTESTclass.TC001_VarifyLogInFuctionality" name="logInfunctionality" time="0.014"/>
  <testcase classname="Com.SacuceDemoTESTclass.TC002_VarifyLogOutFuctionality" name="logOutfuctionality" time="2.742"/>
  <testcase classname="Com.SacuceDemoTESTclass.TC003_VarifyAbleToBuyProduct" name="buyBagFuctionality" time="10.353"/>
  <testcase classname="Com.SacuceDemoTESTclass.TC004_VarifyAddMultipleProductInCart" name="multipleProductAddTOCard" time="0.939"/>
  <testcase classname="Com.SacuceDemoTESTclass.TC005_VarifyFilterDropdownFunctionality" name="filterDropDownFunctionality" time="1.725"/>
  <testcase classname="Com.SacuceDemoTESTclass.TC007_VarifyAbout" name="aboutFunctionality" time="12.495"/>
  <testcase classname="Com.SacuceDemoTESTclass.TC006_VarifyoneProductAddedTocart" name="oneProductAddToCard" time="1.549"/>
</testsuite> <!-- CrossBrowser -->
