<?xml version="1.0" encoding="UTF-8"?>
<testng-results ignored="0" total="7" passed="7" failed="0" skipped="0">
  <reporter-output>
  </reporter-output>
  <suite started-at="2022-09-02T11:36:20Z" name="Suite" finished-at="2022-09-02T11:38:22Z" duration-ms="121879">
    <groups>
    </groups>
    <test started-at="2022-09-02T11:36:20Z" name="CrossBrowser" finished-at="2022-09-02T11:38:22Z" duration-ms="121879">
      <class name="Com.SacuceDemoTESTclass.TC005_VarifyFilterDropdownFunctionality">
        <test-method is-config="true" signature="setUp(java.lang.String)[pri:0, instance:Com.SacuceDemoTESTclass.TC005_VarifyFilterDropdownFunctionality@413f69cc]" started-at="2022-09-02T11:37:28Z" name="setUp" finished-at="2022-09-02T11:37:40Z" duration-ms="11710" status="PASS">
          <params>
            <param index="0">
              <value>
                <![CDATA[chrome]]>
              </value>
            </param>
          </params>
          <reporter-output>
          </reporter-output>
        </test-method> <!-- setUp -->
        <test-method signature="filterDropDownFunctionality()[pri:0, instance:Com.SacuceDemoTESTclass.TC005_VarifyFilterDropdownFunctionality@413f69cc]" started-at="2022-09-02T11:37:40Z" name="filterDropDownFunctionality" finished-at="2022-09-02T11:37:41Z" duration-ms="1725" status="PASS">
          <reporter-output>
          </reporter-output>
        </test-method> <!-- filterDropDownFunctionality -->
        <test-method is-config="true" signature="tearDown()[pri:0, instance:Com.SacuceDemoTESTclass.TC005_VarifyFilterDropdownFunctionality@413f69cc]" started-at="2022-09-02T11:37:41Z" name="tearDown" finished-at="2022-09-02T11:37:42Z" duration-ms="174" status="PASS">
          <reporter-output>
          </reporter-output>
        </test-method> <!-- tearDown -->
      </class> <!-- Com.SacuceDemoTESTclass.TC005_VarifyFilterDropdownFunctionality -->
      <class name="Com.SacuceDemoTESTclass.TC006_VarifyoneProductAddedTocart">
        <test-method is-config="true" signature="setUp(java.lang.String)[pri:0, instance:Com.SacuceDemoTESTclass.TC006_VarifyoneProductAddedTocart@1b75c2e3]" started-at="2022-09-02T11:38:07Z" name="setUp" finished-at="2022-09-02T11:38:20Z" duration-ms="12518" status="PASS">
          <params>
            <param index="0">
              <value>
                <![CDATA[chrome]]>
              </value>
            </param>
          </params>
          <reporter-output>
          </reporter-output>
        </test-method> <!-- setUp -->
        <test-method signature="oneProductAddToCard()[pri:0, instance:Com.SacuceDemoTESTclass.TC006_VarifyoneProductAddedTocart@1b75c2e3]" started-at="2022-09-02T11:38:20Z" name="oneProductAddToCard" finished-at="2022-09-02T11:38:22Z" duration-ms="1549" status="PASS">
          <reporter-output>
          </reporter-output>
        </test-method> <!-- oneProductAddToCard -->
        <test-method is-config="true" signature="tearDown()[pri:0, instance:Com.SacuceDemoTESTclass.TC006_VarifyoneProductAddedTocart@1b75c2e3]" started-at="2022-09-02T11:38:22Z" name="tearDown" finished-at="2022-09-02T11:38:22Z" duration-ms="125" status="PASS">
          <reporter-output>
          </reporter-output>
        </test-method> <!-- tearDown -->
      </class> <!-- Com.SacuceDemoTESTclass.TC006_VarifyoneProductAddedTocart -->
      <class name="Com.SacuceDemoTESTclass.TC007_VarifyAbout">
        <test-method is-config="true" signature="setUp(java.lang.String)[pri:0, instance:Com.SacuceDemoTESTclass.TC007_VarifyAbout@1f53a5dc]" started-at="2022-09-02T11:37:42Z" name="setUp" finished-at="2022-09-02T11:37:55Z" duration-ms="13007" status="PASS">
          <params>
            <param index="0">
              <value>
                <![CDATA[chrome]]>
              </value>
            </param>
          </params>
          <reporter-output>
          </reporter-output>
        </test-method> <!-- setUp -->
        <test-method signature="aboutFunctionality()[pri:0, instance:Com.SacuceDemoTESTclass.TC007_VarifyAbout@1f53a5dc]" started-at="2022-09-02T11:37:55Z" name="aboutFunctionality" finished-at="2022-09-02T11:38:07Z" duration-ms="12495" status="PASS">
          <reporter-output>
          </reporter-output>
        </test-method> <!-- aboutFunctionality -->
        <test-method is-config="true" signature="tearDown()[pri:0, instance:Com.SacuceDemoTESTclass.TC007_VarifyAbout@1f53a5dc]" started-at="2022-09-02T11:38:07Z" name="tearDown" finished-at="2022-09-02T11:38:07Z" duration-ms="329" status="PASS">
          <reporter-output>
          </reporter-output>
        </test-method> <!-- tearDown -->
      </class> <!-- Com.SacuceDemoTESTclass.TC007_VarifyAbout -->
      <class name="Com.SacuceDemoTESTclass.TC002_VarifyLogOutFuctionality">
        <test-method is-config="true" signature="setUp(java.lang.String)[pri:0, instance:Com.SacuceDemoTESTclass.TC002_VarifyLogOutFuctionality@7d446ed1]" started-at="2022-09-02T11:36:34Z" name="setUp" finished-at="2022-09-02T11:36:46Z" duration-ms="12025" status="PASS">
          <params>
            <param index="0">
              <value>
                <![CDATA[chrome]]>
              </value>
            </param>
          </params>
          <reporter-output>
          </reporter-output>
        </test-method> <!-- setUp -->
        <test-method signature="logOutfuctionality()[pri:0, instance:Com.SacuceDemoTESTclass.TC002_VarifyLogOutFuctionality@7d446ed1]" started-at="2022-09-02T11:36:46Z" name="logOutfuctionality" finished-at="2022-09-02T11:36:49Z" duration-ms="2742" status="PASS">
          <reporter-output>
          </reporter-output>
        </test-method> <!-- logOutfuctionality -->
        <test-method is-config="true" signature="tearDown()[pri:0, instance:Com.SacuceDemoTESTclass.TC002_VarifyLogOutFuctionality@7d446ed1]" started-at="2022-09-02T11:36:49Z" name="tearDown" finished-at="2022-09-02T11:36:49Z" duration-ms="664" status="PASS">
          <reporter-output>
          </reporter-output>
        </test-method> <!-- tearDown -->
      </class> <!-- Com.SacuceDemoTESTclass.TC002_VarifyLogOutFuctionality -->
      <class name="Com.SacuceDemoTESTclass.TC003_VarifyAbleToBuyProduct">
        <test-method is-config="true" signature="setUp(java.lang.String)[pri:0, instance:Com.SacuceDemoTESTclass.TC003_VarifyAbleToBuyProduct@12d2ce03]" started-at="2022-09-02T11:36:49Z" name="setUp" finished-at="2022-09-02T11:37:00Z" duration-ms="10919" status="PASS">
          <params>
            <param index="0">
              <value>
                <![CDATA[chrome]]>
              </value>
            </param>
          </params>
          <reporter-output>
          </reporter-output>
        </test-method> <!-- setUp -->
        <test-method signature="buyBagFuctionality()[pri:0, instance:Com.SacuceDemoTESTclass.TC003_VarifyAbleToBuyProduct@12d2ce03]" started-at="2022-09-02T11:37:00Z" name="buyBagFuctionality" finished-at="2022-09-02T11:37:11Z" duration-ms="10353" status="PASS">
          <reporter-output>
          </reporter-output>
        </test-method> <!-- buyBagFuctionality -->
        <test-method is-config="true" signature="tearDown()[pri:0, instance:Com.SacuceDemoTESTclass.TC003_VarifyAbleToBuyProduct@12d2ce03]" started-at="2022-09-02T11:37:11Z" name="tearDown" finished-at="2022-09-02T11:37:11Z" duration-ms="364" status="PASS">
          <reporter-output>
          </reporter-output>
        </test-method> <!-- tearDown -->
      </class> <!-- Com.SacuceDemoTESTclass.TC003_VarifyAbleToBuyProduct -->
      <class name="Com.SacuceDemoTESTclass.TC001_VarifyLogInFuctionality">
        <test-method is-config="true" signature="setUp(java.lang.String)[pri:0, instance:Com.SacuceDemoTESTclass.TC001_VarifyLogInFuctionality@be68757]" started-at="2022-09-02T11:36:20Z" name="setUp" finished-at="2022-09-02T11:36:33Z" duration-ms="13656" status="PASS">
          <params>
            <param index="0">
              <value>
                <![CDATA[chrome]]>
              </value>
            </param>
          </params>
          <reporter-output>
          </reporter-output>
        </test-method> <!-- setUp -->
        <test-method signature="logInfunctionality()[pri:0, instance:Com.SacuceDemoTESTclass.TC001_VarifyLogInFuctionality@be68757]" started-at="2022-09-02T11:36:33Z" name="logInfunctionality" finished-at="2022-09-02T11:36:33Z" duration-ms="14" status="PASS">
          <reporter-output>
          </reporter-output>
        </test-method> <!-- logInfunctionality -->
        <test-method is-config="true" signature="tearDown()[pri:0, instance:Com.SacuceDemoTESTclass.TC001_VarifyLogInFuctionality@be68757]" started-at="2022-09-02T11:36:33Z" name="tearDown" finished-at="2022-09-02T11:36:34Z" duration-ms="398" status="PASS">
          <reporter-output>
          </reporter-output>
        </test-method> <!-- tearDown -->
      </class> <!-- Com.SacuceDemoTESTclass.TC001_VarifyLogInFuctionality -->
      <class name="Com.SacuceDemoTESTclass.TC004_VarifyAddMultipleProductInCart">
        <test-method is-config="true" signature="setUp(java.lang.String)[pri:0, instance:Com.SacuceDemoTESTclass.TC004_VarifyAddMultipleProductInCart@7e5c856f]" started-at="2022-09-02T11:37:11Z" name="setUp" finished-at="2022-09-02T11:37:27Z" duration-ms="15743" status="PASS">
          <params>
            <param index="0">
              <value>
                <![CDATA[chrome]]>
              </value>
            </param>
          </params>
          <reporter-output>
          </reporter-output>
        </test-method> <!-- setUp -->
        <test-method signature="multipleProductAddTOCard()[pri:0, instance:Com.SacuceDemoTESTclass.TC004_VarifyAddMultipleProductInCart@7e5c856f]" started-at="2022-09-02T11:37:27Z" name="multipleProductAddTOCard" finished-at="2022-09-02T11:37:28Z" duration-ms="939" status="PASS">
          <reporter-output>
          </reporter-output>
        </test-method> <!-- multipleProductAddTOCard -->
        <test-method is-config="true" signature="tearDown()[pri:0, instance:Com.SacuceDemoTESTclass.TC004_VarifyAddMultipleProductInCart@7e5c856f]" started-at="2022-09-02T11:37:28Z" name="tearDown" finished-at="2022-09-02T11:37:28Z" duration-ms="390" status="PASS">
          <reporter-output>
          </reporter-output>
        </test-method> <!-- tearDown -->
      </class> <!-- Com.SacuceDemoTESTclass.TC004_VarifyAddMultipleProductInCart -->
    </test> <!-- CrossBrowser -->
  </suite> <!-- Suite -->
</testng-results>
